<?xml version="1.0" encoding="UTF-8"?>
<!-- Generated by org.testng.reporters.JUnitReportReporter -->
<testsuite hostname="94ISH-20180423A" name="danyuances.NewTest" tests="6" failures="0" timestamp="29 Dec 2018 02:49:10 GMT" time="0.007" errors="0">
  <testcase name="testSss" time="0.002" classname="danyuances.NewTest"/>
  <testcase name="testSub" time="0.002" classname="danyuances.NewTest"/>
  <testcase name="testSs" time="0.001" classname="danyuances.NewTest"/>
  <testcase name="testAdd" time="0.002" classname="danyuances.NewTest"/>
  <testcase name="testChu" time="0.000" classname="danyuances.NewTest"/>
  <testcase name="testJi" time="0.000" classname="danyuances.NewTest"/>
</testsuite> <!-- danyuances.NewTest -->
