<?xml version="1.0" encoding="UTF-8"?>
<!-- Generated by org.testng.reporters.JUnitReportReporter -->
<testsuite hostname="94ISH-20180423A" name="danyuances.NewTest1" tests="2" failures="0" timestamp="29 Dec 2018 02:49:10 GMT" time="0.004" errors="0">
  <testcase name="testSss" time="0.000" classname="danyuances.NewTest1"/>
  <testcase name="testSs" time="0.004" classname="danyuances.NewTest1"/>
</testsuite> <!-- danyuances.NewTest1 -->
