<?xml version="1.0" encoding="UTF-8"?>
<!-- Generated by org.testng.reporters.JUnitReportReporter -->
<testsuite hostname="94ISH-20180423A" name="openbaidu.NewTest" tests="1" failures="0" timestamp="26 Mar 2019 01:05:30 GMT" time="0.000" errors="0">
  <testcase name="f" time="0.000" classname="openbaidu.NewTest"/>
</testsuite> <!-- openbaidu.NewTest -->
