<?xml version="1.0" encoding="UTF-8"?>
<!-- Generated by org.testng.reporters.JUnitReportReporter -->
<testsuite hostname="94ISH-20180423A" name="openbaidu.openbaisdu" tests="1" failures="0" timestamp="26 Mar 2019 01:05:30 GMT" time="6.151" errors="0">
  <testcase name="setUp" time="6.151" classname="openbaidu.openbaisdu"/>
</testsuite> <!-- openbaidu.openbaisdu -->
